# JRE version: OpenJDK Runtime Environment Temurin-17.0.2+8 (17.0.2+8) (build 17.0.2+8)
# Java VM: OpenJDK 64-Bit Server VM Temurin-17.0.2+8 (17.0.2+8, mixed mode, tiered, compressed oops, compressed class ptrs, parallel gc, windows-amd64)
GC Precious Log:
 CPUs: 8 total, 8 available
 Memory: 8109M
 Large Page Support: Disabled
 NUMA Support: Disabled
 Compressed Oops: Enabled (32-bit)
 Alignments: Space 512K, Generation 512K, Heap 2M
 Heap Min Capacity: 100M
 Heap Initial Capacity: 100M
 Heap Max Capacity: 1G
 Pre-touch: Disabled
 Parallel Workers: 8
Heap:
 PSYoungGen      total 22528K, used 5928K [0x00000000eab00000, 0x00000000ec380000, 0x0000000100000000)
  eden space 20992K, 21% used [0x00000000eab00000,0x00000000eaf6a190,0x00000000ebf80000)
  from space 1536K, 91% used [0x00000000ec200000,0x00000000ec360000,0x00000000ec380000)
  to   space 1536K, 0% used [0x00000000ebf80000,0x00000000ebf80000,0x00000000ec100000)
 ParOldGen       total 68608K, used 26931K [0x00000000c0000000, 0x00000000c4300000, 0x00000000eab00000)
  object space 68608K, 39% used [0x00000000c0000000,0x00000000c1a4cf90,0x00000000c4300000)
 Metaspace       used 45983K, committed 46656K, reserved 1097728K
  class space    used 4569K, committed 4864K, reserved 1048576K
GC Heap History (20 events):
Event: 11.920 GC heap before
{Heap before GC invocations=11 (full 1):
 PSYoungGen      total 27648K, used 27616K [0x00000000eab00000, 0x00000000ece80000, 0x0000000100000000)
  eden space 20992K, 100% used [0x00000000eab00000,0x00000000ebf80000,0x00000000ebf80000)
  from space 6656K, 99% used [0x00000000ebf80000,0x00000000ec5f8010,0x00000000ec600000)
  to   space 7680K, 0% used [0x00000000ec700000,0x00000000ec700000,0x00000000ece80000)
 ParOldGen       total 68608K, used 13913K [0x00000000c0000000, 0x00000000c4300000, 0x00000000eab00000)
  object space 68608K, 20% used [0x00000000c0000000,0x00000000c0d96738,0x00000000c4300000)
 Metaspace       used 34680K, committed 35264K, reserved 1081344K
  class space    used 3521K, committed 3776K, reserved 1048576K
}
Event: 11.928 GC heap after
{Heap after GC invocations=11 (full 1):
 PSYoungGen      total 26112K, used 5088K [0x00000000eab00000, 0x00000000ecc00000, 0x0000000100000000)
  eden space 20992K, 0% used [0x00000000eab00000,0x00000000eab00000,0x00000000ebf80000)
  from space 5120K, 99% used [0x00000000ec700000,0x00000000ecbf8010,0x00000000ecc00000)
  to   space 6144K, 0% used [0x00000000ec000000,0x00000000ec000000,0x00000000ec600000)
 ParOldGen       total 68608K, used 18053K [0x00000000c0000000, 0x00000000c4300000, 0x00000000eab00000)
  object space 68608K, 26% used [0x00000000c0000000,0x00000000c11a1530,0x00000000c4300000)
 Metaspace       used 34680K, committed 35264K, reserved 1081344K
  class space    used 3521K, committed 3776K, reserved 1048576K
}
Event: 12.162 GC heap before
{Heap before GC invocations=12 (full 1):
 PSYoungGen      total 26112K, used 7415K [0x00000000eab00000, 0x00000000ecc00000, 0x0000000100000000)
  eden space 20992K, 11% used [0x00000000eab00000,0x00000000ead45fe8,0x00000000ebf80000)
  from space 5120K, 99% used [0x00000000ec700000,0x00000000ecbf8010,0x00000000ecc00000)
  to   space 6144K, 0% used [0x00000000ec000000,0x00000000ec000000,0x00000000ec600000)
 ParOldGen       total 68608K, used 18053K [0x00000000c0000000, 0x00000000c4300000, 0x00000000eab00000)
  object space 68608K, 26% used [0x00000000c0000000,0x00000000c11a1530,0x00000000c4300000)
 Metaspace       used 35222K, committed 35840K, reserved 1089536K
  class space    used 3588K, committed 3840K, reserved 1048576K
}
Event: 12.173 GC heap after
{Heap after GC invocations=12 (full 1):
 PSYoungGen      total 21504K, used 384K [0x00000000eab00000, 0x00000000ec780000, 0x0000000100000000)
  eden space 20992K, 0% used [0x00000000eab00000,0x00000000eab00000,0x00000000ebf80000)
  from space 512K, 75% used [0x00000000ec000000,0x00000000ec060000,0x00000000ec080000)
  to   space 2560K, 0% used [0x00000000ec500000,0x00000000ec500000,0x00000000ec780000)
 ParOldGen       total 68608K, used 23035K [0x00000000c0000000, 0x00000000c4300000, 0x00000000eab00000)
  object space 68608K, 33% used [0x00000000c0000000,0x00000000c167edc0,0x00000000c4300000)
 Metaspace       used 35222K, committed 35840K, reserved 1089536K
  class space    used 3588K, committed 3840K, reserved 1048576K
}
Event: 12.173 GC heap before
{Heap before GC invocations=13 (full 2):
 PSYoungGen      total 21504K, used 384K [0x00000000eab00000, 0x00000000ec780000, 0x0000000100000000)
  eden space 20992K, 0% used [0x00000000eab00000,0x00000000eab00000,0x00000000ebf80000)
  from space 512K, 75% used [0x00000000ec000000,0x00000000ec060000,0x00000000ec080000)
  to   space 2560K, 0% used [0x00000000ec500000,0x00000000ec500000,0x00000000ec780000)
 ParOldGen       total 68608K, used 23035K [0x00000000c0000000, 0x00000000c4300000, 0x00000000eab00000)
  object space 68608K, 33% used [0x00000000c0000000,0x00000000c167edc0,0x00000000c4300000)
 Metaspace       used 35222K, committed 35840K, reserved 1089536K
  class space    used 3588K, committed 3840K, reserved 1048576K
}
Event: 12.240 GC heap after
{Heap after GC invocations=13 (full 2):
 PSYoungGen      total 21504K, used 0K [0x00000000eab00000, 0x00000000ec780000, 0x0000000100000000)
  eden space 20992K, 0% used [0x00000000eab00000,0x00000000eab00000,0x00000000ebf80000)
  from space 512K, 0% used [0x00000000ec000000,0x00000000ec000000,0x00000000ec080000)
  to   space 2560K, 0% used [0x00000000ec500000,0x00000000ec500000,0x00000000ec780000)
 ParOldGen       total 68608K, used 20250K [0x00000000c0000000, 0x00000000c4300000, 0x00000000eab00000)
  object space 68608K, 29% used [0x00000000c0000000,0x00000000c13c69e8,0x00000000c4300000)
 Metaspace       used 35222K, committed 35840K, reserved 1089536K
  class space    used 3588K, committed 3840K, reserved 1048576K
}
Event: 13.098 GC heap before
{Heap before GC invocations=14 (full 2):
 PSYoungGen      total 21504K, used 20983K [0x00000000eab00000, 0x00000000ec780000, 0x0000000100000000)
  eden space 20992K, 99% used [0x00000000eab00000,0x00000000ebf7dcf8,0x00000000ebf80000)
  from space 512K, 0% used [0x00000000ec000000,0x00000000ec000000,0x00000000ec080000)
  to   space 2560K, 0% used [0x00000000ec500000,0x00000000ec500000,0x00000000ec780000)
 ParOldGen       total 68608K, used 20250K [0x00000000c0000000, 0x00000000c4300000, 0x00000000eab00000)
  object space 68608K, 29% used [0x00000000c0000000,0x00000000c13c69e8,0x00000000c4300000)
 Metaspace       used 37381K, committed 38080K, reserved 1089536K
  class space    used 3813K, committed 4096K, reserved 1048576K
}
Event: 13.101 GC heap after
{Heap after GC invocations=14 (full 2):
 PSYoungGen      total 22528K, used 1353K [0x00000000eab00000, 0x00000000ec680000, 0x0000000100000000)
  eden space 20992K, 0% used [0x00000000eab00000,0x00000000eab00000,0x00000000ebf80000)
  from space 1536K, 88% used [0x00000000ec500000,0x00000000ec6525b8,0x00000000ec680000)
  to   space 2048K, 0% used [0x00000000ec280000,0x00000000ec280000,0x00000000ec480000)
 ParOldGen       total 68608K, used 20258K [0x00000000c0000000, 0x00000000c4300000, 0x00000000eab00000)
  object space 68608K, 29% used [0x00000000c0000000,0x00000000c13c89e8,0x00000000c4300000)
 Metaspace       used 37381K, committed 38080K, reserved 1089536K
  class space    used 3813K, committed 4096K, reserved 1048576K
}
Event: 13.951 GC heap before
{Heap before GC invocations=15 (full 2):
 PSYoungGen      total 22528K, used 22345K [0x00000000eab00000, 0x00000000ec680000, 0x0000000100000000)
  eden space 20992K, 100% used [0x00000000eab00000,0x00000000ebf80000,0x00000000ebf80000)
  from space 1536K, 88% used [0x00000000ec500000,0x00000000ec6525b8,0x00000000ec680000)
  to   space 2048K, 0% used [0x00000000ec280000,0x00000000ec280000,0x00000000ec480000)
 ParOldGen       total 68608K, used 20258K [0x00000000c0000000, 0x00000000c4300000, 0x00000000eab00000)
  object space 68608K, 29% used [0x00000000c0000000,0x00000000c13c8a10,0x00000000c4300000)
 Metaspace       used 40565K, committed 41280K, reserved 1089536K
  class space    used 4102K, committed 4416K, reserved 1048576K
}
Event: 13.954 GC heap after
{Heap after GC invocations=15 (full 2):
 PSYoungGen      total 22528K, used 1105K [0x00000000eab00000, 0x00000000ec580000, 0x0000000100000000)
  eden space 20992K, 0% used [0x00000000eab00000,0x00000000eab00000,0x00000000ebf80000)
  from space 1536K, 71% used [0x00000000ec280000,0x00000000ec3946f8,0x00000000ec400000)
  to   space 1536K, 0% used [0x00000000ec400000,0x00000000ec400000,0x00000000ec580000)
 ParOldGen       total 68608K, used 20872K [0x00000000c0000000, 0x00000000c4300000, 0x00000000eab00000)
  object space 68608K, 30% used [0x00000000c0000000,0x00000000c1462278,0x00000000c4300000)
 Metaspace       used 40565K, committed 41280K, reserved 1089536K
  class space    used 4102K, committed 4416K, reserved 1048576K
}
Event: 14.160 GC heap before
{Heap before GC invocations=16 (full 2):
 PSYoungGen      total 22528K, used 22097K [0x00000000eab00000, 0x00000000ec580000, 0x0000000100000000)
  eden space 20992K, 100% used [0x00000000eab00000,0x00000000ebf80000,0x00000000ebf80000)
  from space 1536K, 71% used [0x00000000ec280000,0x00000000ec3946f8,0x00000000ec400000)
  to   space 1536K, 0% used [0x00000000ec400000,0x00000000ec400000,0x00000000ec580000)
 ParOldGen       total 68608K, used 20874K [0x00000000c0000000, 0x00000000c4300000, 0x00000000eab00000)
  object space 68608K, 30% used [0x00000000c0000000,0x00000000c1462860,0x00000000c4300000)
 Metaspace       used 41057K, committed 41728K, reserved 1089536K
  class space    used 4130K, committed 4416K, reserved 1048576K
}
Event: 14.163 GC heap after
{Heap after GC invocations=16 (full 2):
 PSYoungGen      total 21504K, used 352K [0x00000000eab00000, 0x00000000ec480000, 0x0000000100000000)
  eden space 20992K, 0% used [0x00000000eab00000,0x00000000eab00000,0x00000000ebf80000)
  from space 512K, 68% used [0x00000000ec400000,0x00000000ec458000,0x00000000ec480000)
  to   space 1024K, 0% used [0x00000000ec280000,0x00000000ec280000,0x00000000ec380000)
 ParOldGen       total 68608K, used 21671K [0x00000000c0000000, 0x00000000c4300000, 0x00000000eab00000)
  object space 68608K, 31% used [0x00000000c0000000,0x00000000c1529d68,0x00000000c4300000)
 Metaspace       used 41057K, committed 41728K, reserved 1089536K
  class space    used 4130K, committed 4416K, reserved 1048576K
}
Event: 14.390 GC heap before
{Heap before GC invocations=17 (full 2):
 PSYoungGen      total 21504K, used 21344K [0x00000000eab00000, 0x00000000ec480000, 0x0000000100000000)
  eden space 20992K, 100% used [0x00000000eab00000,0x00000000ebf80000,0x00000000ebf80000)
  from space 512K, 68% used [0x00000000ec400000,0x00000000ec458000,0x00000000ec480000)
  to   space 1024K, 0% used [0x00000000ec280000,0x00000000ec280000,0x00000000ec380000)
 ParOldGen       total 68608K, used 21671K [0x00000000c0000000, 0x00000000c4300000, 0x00000000eab00000)
  object space 68608K, 31% used [0x00000000c0000000,0x00000000c1529d68,0x00000000c4300000)
 Metaspace       used 41585K, committed 42304K, reserved 1089536K
  class space    used 4212K, committed 4544K, reserved 1048576K
}
Event: 14.394 GC heap after
{Heap after GC invocations=17 (full 2):
 PSYoungGen      total 22016K, used 1024K [0x00000000eab00000, 0x00000000ec480000, 0x0000000100000000)
  eden space 20992K, 0% used [0x00000000eab00000,0x00000000eab00000,0x00000000ebf80000)
  from space 1024K, 100% used [0x00000000ec280000,0x00000000ec380000,0x00000000ec380000)
  to   space 1024K, 0% used [0x00000000ec380000,0x00000000ec380000,0x00000000ec480000)
 ParOldGen       total 68608K, used 22663K [0x00000000c0000000, 0x00000000c4300000, 0x00000000eab00000)
  object space 68608K, 33% used [0x00000000c0000000,0x00000000c1621c18,0x00000000c4300000)
 Metaspace       used 41585K, committed 42304K, reserved 1089536K
  class space    used 4212K, committed 4544K, reserved 1048576K
}
Event: 15.754 GC heap before
{Heap before GC invocations=18 (full 2):
 PSYoungGen      total 22016K, used 22016K [0x00000000eab00000, 0x00000000ec480000, 0x0000000100000000)
  eden space 20992K, 100% used [0x00000000eab00000,0x00000000ebf80000,0x00000000ebf80000)
  from space 1024K, 100% used [0x00000000ec280000,0x00000000ec380000,0x00000000ec380000)
  to   space 1024K, 0% used [0x00000000ec380000,0x00000000ec380000,0x00000000ec480000)
 ParOldGen       total 68608K, used 22663K [0x00000000c0000000, 0x00000000c4300000, 0x00000000eab00000)
  object space 68608K, 33% used [0x00000000c0000000,0x00000000c1621c18,0x00000000c4300000)
 Metaspace       used 44402K, committed 45120K, reserved 1097728K
  class space    used 4421K, committed 4736K, reserved 1048576K
}
Event: 15.763 GC heap after
{Heap after GC invocations=18 (full 2):
 PSYoungGen      total 22016K, used 1020K [0x00000000eab00000, 0x00000000ec780000, 0x0000000100000000)
  eden space 20992K, 0% used [0x00000000eab00000,0x00000000eab00000,0x00000000ebf80000)
  from space 1024K, 99% used [0x00000000ec380000,0x00000000ec47f348,0x00000000ec480000)
  to   space 4096K, 0% used [0x00000000ebf80000,0x00000000ebf80000,0x00000000ec380000)
 ParOldGen       total 68608K, used 24961K [0x00000000c0000000, 0x00000000c4300000, 0x00000000eab00000)
  object space 68608K, 36% used [0x00000000c0000000,0x00000000c1860790,0x00000000c4300000)
 Metaspace       used 44402K, committed 45120K, reserved 1097728K
  class space    used 4421K, committed 4736K, reserved 1048576K
}
Event: 23.880 GC heap before
{Heap before GC invocations=19 (full 2):
 PSYoungGen      total 22016K, used 22012K [0x00000000eab00000, 0x00000000ec780000, 0x0000000100000000)
  eden space 20992K, 99% used [0x00000000eab00000,0x00000000ebf7fff0,0x00000000ebf80000)
  from space 1024K, 99% used [0x00000000ec380000,0x00000000ec47f348,0x00000000ec480000)
  to   space 4096K, 0% used [0x00000000ebf80000,0x00000000ebf80000,0x00000000ec380000)
 ParOldGen       total 68608K, used 24961K [0x00000000c0000000, 0x00000000c4300000, 0x00000000eab00000)
  object space 68608K, 36% used [0x00000000c0000000,0x00000000c1860790,0x00000000c4300000)
 Metaspace       used 44853K, committed 45440K, reserved 1097728K
  class space    used 4466K, committed 4736K, reserved 1048576K
}
Event: 23.883 GC heap after
{Heap after GC invocations=19 (full 2):
 PSYoungGen      total 22528K, used 1184K [0x00000000eab00000, 0x00000000ec400000, 0x0000000100000000)
  eden space 20992K, 0% used [0x00000000eab00000,0x00000000eab00000,0x00000000ebf80000)
  from space 1536K, 77% used [0x00000000ebf80000,0x00000000ec0a8000,0x00000000ec100000)
  to   space 2048K, 0% used [0x00000000ec200000,0x00000000ec200000,0x00000000ec400000)
 ParOldGen       total 68608K, used 25952K [0x00000000c0000000, 0x00000000c4300000, 0x00000000eab00000)
  object space 68608K, 37% used [0x00000000c0000000,0x00000000c1958370,0x00000000c4300000)
 Metaspace       used 44853K, committed 45440K, reserved 1097728K
  class space    used 4466K, committed 4736K, reserved 1048576K
}
Event: 30.125 GC heap before
{Heap before GC invocations=20 (full 2):
 PSYoungGen      total 22528K, used 22176K [0x00000000eab00000, 0x00000000ec400000, 0x0000000100000000)
  eden space 20992K, 100% used [0x00000000eab00000,0x00000000ebf80000,0x00000000ebf80000)
  from space 1536K, 77% used [0x00000000ebf80000,0x00000000ec0a8000,0x00000000ec100000)
  to   space 2048K, 0% used [0x00000000ec200000,0x00000000ec200000,0x00000000ec400000)
 ParOldGen       total 68608K, used 25952K [0x00000000c0000000, 0x00000000c4300000, 0x00000000eab00000)
  object space 68608K, 37% used [0x00000000c0000000,0x00000000c1958370,0x00000000c4300000)
 Metaspace       used 45613K, committed 46272K, reserved 1097728K
  class space    used 4532K, committed 4800K, reserved 1048576K
}
Event: 30.129 GC heap after
{Heap after GC invocations=20 (full 2):
 PSYoungGen      total 22528K, used 1408K [0x00000000eab00000, 0x00000000ec380000, 0x0000000100000000)
  eden space 20992K, 0% used [0x00000000eab00000,0x00000000eab00000,0x00000000ebf80000)
  from space 1536K, 91% used [0x00000000ec200000,0x00000000ec360000,0x00000000ec380000)
  to   space 1536K, 0% used [0x00000000ebf80000,0x00000000ebf80000,0x00000000ec100000)
 ParOldGen       total 68608K, used 26931K [0x00000000c0000000, 0x00000000c4300000, 0x00000000eab00000)
  object space 68608K, 39% used [0x00000000c0000000,0x00000000c1a4cf90,0x00000000c4300000)
 Metaspace       used 45613K, committed 46272K, reserved 1097728K
  class space    used 4532K, committed 4800K, reserved 1048576K
}

