# JRE version: OpenJDK Runtime Environment Temurin-17.0.2+8 (17.0.2+8) (build 17.0.2+8)
# Java VM: OpenJDK 64-Bit Server VM Temurin-17.0.2+8 (17.0.2+8, mixed mode, tiered, compressed oops, compressed class ptrs, parallel gc, windows-amd64)
GC Precious Log:
 CPUs: 8 total, 8 available
 Memory: 8109M
 Large Page Support: Disabled
 NUMA Support: Disabled
 Compressed Oops: Enabled (32-bit)
 Alignments: Space 512K, Generation 512K, Heap 2M
 Heap Min Capacity: 100M
 Heap Initial Capacity: 100M
 Heap Max Capacity: 1G
 Pre-touch: Disabled
 Parallel Workers: 8
Heap:
 PSYoungGen      total 24576K, used 8460K [0x00000000eab00000, 0x00000000ecc80000, 0x0000000100000000)
  eden space 15872K, 0% used [0x00000000eab00000,0x00000000eab00000,0x00000000eba80000)
  from space 8704K, 97% used [0x00000000eba80000,0x00000000ec2c3148,0x00000000ec300000)
  to   space 9216K, 0% used [0x00000000ec380000,0x00000000ec380000,0x00000000ecc80000)
 ParOldGen       total 68608K, used 68384K [0x00000000c0000000, 0x00000000c4300000, 0x00000000eab00000)
  object space 68608K, 99% used [0x00000000c0000000,0x00000000c42c8070,0x00000000c4300000)
 Metaspace       used 63563K, committed 64512K, reserved 1114112K
  class space    used 6791K, committed 7168K, reserved 1048576K
GC Heap History (20 events):
Event: 10.572 GC heap before
{Heap before GC invocations=22 (full 2):
 PSYoungGen      total 24064K, used 23667K [0x00000000eab00000, 0x00000000ec700000, 0x0000000100000000)
  eden space 22016K, 100% used [0x00000000eab00000,0x00000000ec080000,0x00000000ec080000)
  from space 2048K, 80% used [0x00000000ec200000,0x00000000ec39ce60,0x00000000ec400000)
  to   space 2048K, 0% used [0x00000000ec500000,0x00000000ec500000,0x00000000ec700000)
 ParOldGen       total 68608K, used 42053K [0x00000000c0000000, 0x00000000c4300000, 0x00000000eab00000)
  object space 68608K, 61% used [0x00000000c0000000,0x00000000c2911468,0x00000000c4300000)
 Metaspace       used 57343K, committed 58240K, reserved 1105920K
  class space    used 6276K, committed 6656K, reserved 1048576K
}
Event: 10.574 GC heap after
{Heap after GC invocations=22 (full 2):
 PSYoungGen      total 24064K, used 1548K [0x00000000eab00000, 0x00000000ec700000, 0x0000000100000000)
  eden space 22016K, 0% used [0x00000000eab00000,0x00000000eab00000,0x00000000ec080000)
  from space 2048K, 75% used [0x00000000ec500000,0x00000000ec6831f0,0x00000000ec700000)
  to   space 2048K, 0% used [0x00000000ec200000,0x00000000ec200000,0x00000000ec400000)
 ParOldGen       total 68608K, used 43206K [0x00000000c0000000, 0x00000000c4300000, 0x00000000eab00000)
  object space 68608K, 62% used [0x00000000c0000000,0x00000000c2a319b0,0x00000000c4300000)
 Metaspace       used 57343K, committed 58240K, reserved 1105920K
  class space    used 6276K, committed 6656K, reserved 1048576K
}
Event: 10.651 GC heap before
{Heap before GC invocations=23 (full 2):
 PSYoungGen      total 24064K, used 23564K [0x00000000eab00000, 0x00000000ec700000, 0x0000000100000000)
  eden space 22016K, 100% used [0x00000000eab00000,0x00000000ec080000,0x00000000ec080000)
  from space 2048K, 75% used [0x00000000ec500000,0x00000000ec6831f0,0x00000000ec700000)
  to   space 2048K, 0% used [0x00000000ec200000,0x00000000ec200000,0x00000000ec400000)
 ParOldGen       total 68608K, used 43206K [0x00000000c0000000, 0x00000000c4300000, 0x00000000eab00000)
  object space 68608K, 62% used [0x00000000c0000000,0x00000000c2a319b0,0x00000000c4300000)
 Metaspace       used 57612K, committed 58432K, reserved 1105920K
  class space    used 6309K, committed 6656K, reserved 1048576K
}
Event: 10.654 GC heap after
{Heap after GC invocations=23 (full 2):
 PSYoungGen      total 24064K, used 1968K [0x00000000eab00000, 0x00000000ec580000, 0x0000000100000000)
  eden space 22016K, 0% used [0x00000000eab00000,0x00000000eab00000,0x00000000ec080000)
  from space 2048K, 96% used [0x00000000ec200000,0x00000000ec3ec2a8,0x00000000ec400000)
  to   space 1536K, 0% used [0x00000000ec400000,0x00000000ec400000,0x00000000ec580000)
 ParOldGen       total 68608K, used 44513K [0x00000000c0000000, 0x00000000c4300000, 0x00000000eab00000)
  object space 68608K, 64% used [0x00000000c0000000,0x00000000c2b784b8,0x00000000c4300000)
 Metaspace       used 57612K, committed 58432K, reserved 1105920K
  class space    used 6309K, committed 6656K, reserved 1048576K
}
Event: 10.770 GC heap before
{Heap before GC invocations=24 (full 2):
 PSYoungGen      total 24064K, used 23984K [0x00000000eab00000, 0x00000000ec580000, 0x0000000100000000)
  eden space 22016K, 100% used [0x00000000eab00000,0x00000000ec080000,0x00000000ec080000)
  from space 2048K, 96% used [0x00000000ec200000,0x00000000ec3ec2a8,0x00000000ec400000)
  to   space 1536K, 0% used [0x00000000ec400000,0x00000000ec400000,0x00000000ec580000)
 ParOldGen       total 68608K, used 44513K [0x00000000c0000000, 0x00000000c4300000, 0x00000000eab00000)
  object space 68608K, 64% used [0x00000000c0000000,0x00000000c2b784b8,0x00000000c4300000)
 Metaspace       used 57936K, committed 58752K, reserved 1105920K
  class space    used 6341K, committed 6720K, reserved 1048576K
}
Event: 10.775 GC heap after
{Heap after GC invocations=24 (full 2):
 PSYoungGen      total 22016K, used 1527K [0x00000000eab00000, 0x00000000eca80000, 0x0000000100000000)
  eden space 20480K, 0% used [0x00000000eab00000,0x00000000eab00000,0x00000000ebf00000)
  from space 1536K, 99% used [0x00000000ec400000,0x00000000ec57dc10,0x00000000ec580000)
  to   space 5120K, 0% used [0x00000000ebf00000,0x00000000ebf00000,0x00000000ec400000)
 ParOldGen       total 68608K, used 47507K [0x00000000c0000000, 0x00000000c4300000, 0x00000000eab00000)
  object space 68608K, 69% used [0x00000000c0000000,0x00000000c2e64db8,0x00000000c4300000)
 Metaspace       used 57936K, committed 58752K, reserved 1105920K
  class space    used 6341K, committed 6720K, reserved 1048576K
}
Event: 11.218 GC heap before
{Heap before GC invocations=25 (full 2):
 PSYoungGen      total 22016K, used 20092K [0x00000000eab00000, 0x00000000eca80000, 0x0000000100000000)
  eden space 20480K, 90% used [0x00000000eab00000,0x00000000ebd21708,0x00000000ebf00000)
  from space 1536K, 99% used [0x00000000ec400000,0x00000000ec57dc10,0x00000000ec580000)
  to   space 5120K, 0% used [0x00000000ebf00000,0x00000000ebf00000,0x00000000ec400000)
 ParOldGen       total 68608K, used 47507K [0x00000000c0000000, 0x00000000c4300000, 0x00000000eab00000)
  object space 68608K, 69% used [0x00000000c0000000,0x00000000c2e64db8,0x00000000c4300000)
 Metaspace       used 58972K, committed 59776K, reserved 1105920K
  class space    used 6441K, committed 6784K, reserved 1048576K
}
Event: 11.224 GC heap after
{Heap after GC invocations=25 (full 2):
 PSYoungGen      total 25600K, used 3762K [0x00000000eab00000, 0x00000000ec880000, 0x0000000100000000)
  eden space 20480K, 0% used [0x00000000eab00000,0x00000000eab00000,0x00000000ebf00000)
  from space 5120K, 73% used [0x00000000ebf00000,0x00000000ec2ac948,0x00000000ec400000)
  to   space 4096K, 0% used [0x00000000ec480000,0x00000000ec480000,0x00000000ec880000)
 ParOldGen       total 68608K, used 49027K [0x00000000c0000000, 0x00000000c4300000, 0x00000000eab00000)
  object space 68608K, 71% used [0x00000000c0000000,0x00000000c2fe0da8,0x00000000c4300000)
 Metaspace       used 58972K, committed 59776K, reserved 1105920K
  class space    used 6441K, committed 6784K, reserved 1048576K
}
Event: 11.224 GC heap before
{Heap before GC invocations=26 (full 3):
 PSYoungGen      total 25600K, used 3762K [0x00000000eab00000, 0x00000000ec880000, 0x0000000100000000)
  eden space 20480K, 0% used [0x00000000eab00000,0x00000000eab00000,0x00000000ebf00000)
  from space 5120K, 73% used [0x00000000ebf00000,0x00000000ec2ac948,0x00000000ec400000)
  to   space 4096K, 0% used [0x00000000ec480000,0x00000000ec480000,0x00000000ec880000)
 ParOldGen       total 68608K, used 49027K [0x00000000c0000000, 0x00000000c4300000, 0x00000000eab00000)
  object space 68608K, 71% used [0x00000000c0000000,0x00000000c2fe0da8,0x00000000c4300000)
 Metaspace       used 58972K, committed 59776K, reserved 1105920K
  class space    used 6441K, committed 6784K, reserved 1048576K
}
Event: 11.319 GC heap after
{Heap after GC invocations=26 (full 3):
 PSYoungGen      total 25600K, used 0K [0x00000000eab00000, 0x00000000ec880000, 0x0000000100000000)
  eden space 20480K, 0% used [0x00000000eab00000,0x00000000eab00000,0x00000000ebf00000)
  from space 5120K, 0% used [0x00000000ebf00000,0x00000000ebf00000,0x00000000ec400000)
  to   space 4096K, 0% used [0x00000000ec480000,0x00000000ec480000,0x00000000ec880000)
 ParOldGen       total 68608K, used 43006K [0x00000000c0000000, 0x00000000c4300000, 0x00000000eab00000)
  object space 68608K, 62% used [0x00000000c0000000,0x00000000c29ff960,0x00000000c4300000)
 Metaspace       used 58972K, committed 59776K, reserved 1105920K
  class space    used 6441K, committed 6784K, reserved 1048576K
}
Event: 11.531 GC heap before
{Heap before GC invocations=27 (full 3):
 PSYoungGen      total 25600K, used 20480K [0x00000000eab00000, 0x00000000ec880000, 0x0000000100000000)
  eden space 20480K, 100% used [0x00000000eab00000,0x00000000ebf00000,0x00000000ebf00000)
  from space 5120K, 0% used [0x00000000ebf00000,0x00000000ebf00000,0x00000000ec400000)
  to   space 4096K, 0% used [0x00000000ec480000,0x00000000ec480000,0x00000000ec880000)
 ParOldGen       total 68608K, used 43006K [0x00000000c0000000, 0x00000000c4300000, 0x00000000eab00000)
  object space 68608K, 62% used [0x00000000c0000000,0x00000000c29ff960,0x00000000c4300000)
 Metaspace       used 59952K, committed 60864K, reserved 1105920K
  class space    used 6523K, committed 6912K, reserved 1048576K
}
Event: 11.536 GC heap after
{Heap after GC invocations=27 (full 3):
 PSYoungGen      total 24576K, used 4080K [0x00000000eab00000, 0x00000000eca00000, 0x0000000100000000)
  eden space 20480K, 0% used [0x00000000eab00000,0x00000000eab00000,0x00000000ebf00000)
  from space 4096K, 99% used [0x00000000ec480000,0x00000000ec87c258,0x00000000ec880000)
  to   space 5632K, 0% used [0x00000000ebf00000,0x00000000ebf00000,0x00000000ec480000)
 ParOldGen       total 68608K, used 43846K [0x00000000c0000000, 0x00000000c4300000, 0x00000000eab00000)
  object space 68608K, 63% used [0x00000000c0000000,0x00000000c2ad1960,0x00000000c4300000)
 Metaspace       used 59952K, committed 60864K, reserved 1105920K
  class space    used 6523K, committed 6912K, reserved 1048576K
}
Event: 11.798 GC heap before
{Heap before GC invocations=28 (full 3):
 PSYoungGen      total 24576K, used 24560K [0x00000000eab00000, 0x00000000eca00000, 0x0000000100000000)
  eden space 20480K, 100% used [0x00000000eab00000,0x00000000ebf00000,0x00000000ebf00000)
  from space 4096K, 99% used [0x00000000ec480000,0x00000000ec87c258,0x00000000ec880000)
  to   space 5632K, 0% used [0x00000000ebf00000,0x00000000ebf00000,0x00000000ec480000)
 ParOldGen       total 68608K, used 43846K [0x00000000c0000000, 0x00000000c4300000, 0x00000000eab00000)
  object space 68608K, 63% used [0x00000000c0000000,0x00000000c2ad1960,0x00000000c4300000)
 Metaspace       used 60499K, committed 61376K, reserved 1105920K
  class space    used 6562K, committed 6912K, reserved 1048576K
}
Event: 11.803 GC heap after
{Heap after GC invocations=28 (full 3):
 PSYoungGen      total 26112K, used 5623K [0x00000000eab00000, 0x00000000ed600000, 0x0000000100000000)
  eden space 20480K, 0% used [0x00000000eab00000,0x00000000eab00000,0x00000000ebf00000)
  from space 5632K, 99% used [0x00000000ebf00000,0x00000000ec47de38,0x00000000ec480000)
  to   space 11776K, 0% used [0x00000000eca80000,0x00000000eca80000,0x00000000ed600000)
 ParOldGen       total 68608K, used 48955K [0x00000000c0000000, 0x00000000c4300000, 0x00000000eab00000)
  object space 68608K, 71% used [0x00000000c0000000,0x00000000c2fcef10,0x00000000c4300000)
 Metaspace       used 60499K, committed 61376K, reserved 1105920K
  class space    used 6562K, committed 6912K, reserved 1048576K
}
Event: 12.243 GC heap before
{Heap before GC invocations=29 (full 3):
 PSYoungGen      total 26112K, used 26103K [0x00000000eab00000, 0x00000000ed600000, 0x0000000100000000)
  eden space 20480K, 100% used [0x00000000eab00000,0x00000000ebf00000,0x00000000ebf00000)
  from space 5632K, 99% used [0x00000000ebf00000,0x00000000ec47de38,0x00000000ec480000)
  to   space 11776K, 0% used [0x00000000eca80000,0x00000000eca80000,0x00000000ed600000)
 ParOldGen       total 68608K, used 48955K [0x00000000c0000000, 0x00000000c4300000, 0x00000000eab00000)
  object space 68608K, 71% used [0x00000000c0000000,0x00000000c2fcef10,0x00000000c4300000)
 Metaspace       used 61163K, committed 62080K, reserved 1105920K
  class space    used 6575K, committed 6976K, reserved 1048576K
}
Event: 12.251 GC heap after
{Heap after GC invocations=29 (full 3):
 PSYoungGen      total 26112K, used 5397K [0x00000000eab00000, 0x00000000ed000000, 0x0000000100000000)
  eden space 20480K, 0% used [0x00000000eab00000,0x00000000eab00000,0x00000000ebf00000)
  from space 5632K, 95% used [0x00000000eca80000,0x00000000ecfc5720,0x00000000ed000000)
  to   space 7680K, 0% used [0x00000000ec100000,0x00000000ec100000,0x00000000ec880000)
 ParOldGen       total 68608K, used 52277K [0x00000000c0000000, 0x00000000c4300000, 0x00000000eab00000)
  object space 68608K, 76% used [0x00000000c0000000,0x00000000c330d518,0x00000000c4300000)
 Metaspace       used 61163K, committed 62080K, reserved 1105920K
  class space    used 6575K, committed 6976K, reserved 1048576K
}
Event: 12.619 GC heap before
{Heap before GC invocations=30 (full 3):
 PSYoungGen      total 26112K, used 25877K [0x00000000eab00000, 0x00000000ed000000, 0x0000000100000000)
  eden space 20480K, 100% used [0x00000000eab00000,0x00000000ebf00000,0x00000000ebf00000)
  from space 5632K, 95% used [0x00000000eca80000,0x00000000ecfc5720,0x00000000ed000000)
  to   space 7680K, 0% used [0x00000000ec100000,0x00000000ec100000,0x00000000ec880000)
 ParOldGen       total 68608K, used 52277K [0x00000000c0000000, 0x00000000c4300000, 0x00000000eab00000)
  object space 68608K, 76% used [0x00000000c0000000,0x00000000c330d518,0x00000000c4300000)
 Metaspace       used 61773K, committed 62656K, reserved 1105920K
  class space    used 6624K, committed 6976K, reserved 1048576K
}
Event: 12.628 GC heap after
{Heap after GC invocations=30 (full 3):
 PSYoungGen      total 24576K, used 3766K [0x00000000eab00000, 0x00000000ecb00000, 0x0000000100000000)
  eden space 20480K, 0% used [0x00000000eab00000,0x00000000eab00000,0x00000000ebf00000)
  from space 4096K, 91% used [0x00000000ec100000,0x00000000ec4ad9a8,0x00000000ec500000)
  to   space 5120K, 0% used [0x00000000ec600000,0x00000000ec600000,0x00000000ecb00000)
 ParOldGen       total 68608K, used 56762K [0x00000000c0000000, 0x00000000c4300000, 0x00000000eab00000)
  object space 68608K, 82% used [0x00000000c0000000,0x00000000c376e830,0x00000000c4300000)
 Metaspace       used 61773K, committed 62656K, reserved 1105920K
  class space    used 6624K, committed 6976K, reserved 1048576K
}
Event: 13.061 GC heap before
{Heap before GC invocations=31 (full 3):
 PSYoungGen      total 24576K, used 24246K [0x00000000eab00000, 0x00000000ecb00000, 0x0000000100000000)
  eden space 20480K, 100% used [0x00000000eab00000,0x00000000ebf00000,0x00000000ebf00000)
  from space 4096K, 91% used [0x00000000ec100000,0x00000000ec4ad9a8,0x00000000ec500000)
  to   space 5120K, 0% used [0x00000000ec600000,0x00000000ec600000,0x00000000ecb00000)
 ParOldGen       total 68608K, used 56819K [0x00000000c0000000, 0x00000000c4300000, 0x00000000eab00000)
  object space 68608K, 82% used [0x00000000c0000000,0x00000000c377cc90,0x00000000c4300000)
 Metaspace       used 63288K, committed 64256K, reserved 1105920K
  class space    used 6761K, committed 7168K, reserved 1048576K
}
Event: 13.070 GC heap after
{Heap after GC invocations=31 (full 3):
 PSYoungGen      total 20992K, used 5090K [0x00000000eab00000, 0x00000000ed600000, 0x0000000100000000)
  eden space 15872K, 0% used [0x00000000eab00000,0x00000000eab00000,0x00000000eba80000)
  from space 5120K, 99% used [0x00000000ec600000,0x00000000ecaf8bb8,0x00000000ecb00000)
  to   space 11776K, 0% used [0x00000000eba80000,0x00000000eba80000,0x00000000ec600000)
 ParOldGen       total 68608K, used 61969K [0x00000000c0000000, 0x00000000c4300000, 0x00000000eab00000)
  object space 68608K, 90% used [0x00000000c0000000,0x00000000c3c84760,0x00000000c4300000)
 Metaspace       used 63288K, committed 64256K, reserved 1105920K
  class space    used 6761K, committed 7168K, reserved 1048576K
}

